<?xml version="1.0" encoding="UTF-8"?>
<!-- Generated by org.testng.reporters.JUnitReportReporter -->
<testsuite skipped="0" hostname="akawalkar-lap-0269" name="haroldwaste.demo" tests="1" failures="0" timestamp="2022-06-09T12:39:19 IST" time="12.691" errors="0">
  <testcase name="tearDown" time="12.691" classname="haroldwaste.demo"/>
  <system-out/>
</testsuite> <!-- haroldwaste.demo -->
