<?xml version="1.0" encoding="UTF-8"?>
<!-- Generated by org.testng.reporters.JUnitReportReporter -->
<testsuite skipped="0" hostname="akawalkar-lap-0269" name="haroldwaste.ClassDemo" tests="3" failures="0" timestamp="2022-06-09T16:15:00 IST" time="35.584" errors="0">
  <testcase name="createSupplier" time="16.382" classname="haroldwaste.ClassDemo"/>
  <system-out/>
  <testcase name="editSupplier" time="11.028" classname="haroldwaste.ClassDemo"/>
  <system-out/>
  <testcase name="blockSupplier" time="8.174" classname="haroldwaste.ClassDemo"/>
  <system-out/>
</testsuite> <!-- haroldwaste.ClassDemo -->
